<?xml version="1.0" encoding="UTF-8"?>
<!-- Generated by org.testng.reporters.JUnitReportReporter -->
<testsuite hostname="LAPTOP-6F96MQQ2" failures="0" tests="1" name="auto_Testng.Demo" time="3.550" errors="0" timestamp="2023-08-08T13:24:09 IST" skipped="0">
  <testcase classname="auto_Testng.Demo" name="openBrowser" time="3.550"/>
</testsuite> <!-- auto_Testng.Demo -->
