<?xml version="1.0" encoding="UTF-8"?>
<!-- Generated by org.testng.reporters.JUnitReportReporter -->
<testsuite hostname="LAPTOP-6F96MQQ2" failures="0" tests="6" name="auto_Testng._5_DecisionsForTest" time="61.620" errors="0" timestamp="2023-08-10T18:52:50 IST" skipped="1">
  <testcase classname="auto_Testng._5_DecisionsForTest" name="test_2" time="13.507"/>
  <testcase classname="auto_Testng._5_DecisionsForTest" name="test_4" time="20.513"/>
  <testcase classname="auto_Testng._5_DecisionsForTest" name="test_1" time="7.948"/>
  <testcase classname="auto_Testng._5_DecisionsForTest" name="test_2" time="11.247"/>
  <testcase classname="auto_Testng._5_DecisionsForTest" name="test_2" time="8.405"/>
  <testcase classname="auto_Testng._5_DecisionsForTest" name="test_3">
    <skipped/>
  </testcase> <!-- test_3 -->
</testsuite> <!-- auto_Testng._5_DecisionsForTest -->
