<?xml version="1.0" encoding="UTF-8"?>
<!-- Generated by org.testng.reporters.JUnitReportReporter -->
<testsuite hostname="LAPTOP-6F96MQQ2" failures="0" tests="1" name="auto_Testng.Practice" time="6.245" errors="0" timestamp="2023-08-08T15:29:04 IST" skipped="0">
  <testcase classname="auto_Testng.Practice" name="navigate" time="6.245"/>
</testsuite> <!-- auto_Testng.Practice -->
