<?xml version="1.0" encoding="UTF-8"?>
<!-- Generated by org.testng.reporters.JUnitReportReporter -->
<testsuite hostname="LAPTOP-6F96MQQ2" failures="0" tests="1" name="auto_Testng._2_InheritateOtherClass" time="13.987" errors="0" timestamp="2023-08-10T18:52:50 IST" skipped="0">
  <testcase classname="auto_Testng._2_InheritateOtherClass" name="guru99RegistrationPage" time="13.987"/>
</testsuite> <!-- auto_Testng._2_InheritateOtherClass -->
