<?xml version="1.0" encoding="UTF-8"?>
<!-- Generated by org.testng.reporters.JUnitReportReporter -->
<testsuite hostname="LAPTOP-6F96MQQ2" failures="0" tests="3" name="auto_Testng._3_DefaultPriority" time="28.331" errors="0" timestamp="2023-08-10T18:52:50 IST" skipped="0">
  <testcase classname="auto_Testng._3_DefaultPriority" name="xyz" time="11.867"/>
  <testcase classname="auto_Testng._3_DefaultPriority" name="abc" time="10.509"/>
  <testcase classname="auto_Testng._3_DefaultPriority" name="pqr" time="5.955"/>
</testsuite> <!-- auto_Testng._3_DefaultPriority -->
