<?xml version="1.0" encoding="UTF-8"?>
<!-- Generated by org.testng.reporters.JUnitReportReporter -->
<testsuite hostname="LAPTOP-6F96MQQ2" failures="0" tests="3" name="auto_Testng._4_ManualPriority" time="28.250" errors="0" timestamp="2023-08-10T18:52:50 IST" skipped="0">
  <testcase classname="auto_Testng._4_ManualPriority" name="abc" time="6.905"/>
  <testcase classname="auto_Testng._4_ManualPriority" name="xyz" time="12.554"/>
  <testcase classname="auto_Testng._4_ManualPriority" name="pqr" time="8.791"/>
</testsuite> <!-- auto_Testng._4_ManualPriority -->
