<?xml version="1.0" encoding="UTF-8"?>
<!-- Generated by org.testng.reporters.JUnitReportReporter -->
<testsuite hostname="LAPTOP-6F96MQQ2" failures="0" tests="3" name="auto_Testng._7_CritAndRegrHaveSameTestCase" time="0.007" errors="0" timestamp="2023-08-10T19:04:14 IST" skipped="0">
  <testcase classname="auto_Testng._7_CritAndRegrHaveSameTestCase" name="Regression_1" time="0.002"/>
  <testcase classname="auto_Testng._7_CritAndRegrHaveSameTestCase" name="Regression" time="0.003"/>
  <testcase classname="auto_Testng._7_CritAndRegrHaveSameTestCase" name="CriticalRegressionRegression" time="0.002"/>
</testsuite> <!-- auto_Testng._7_CritAndRegrHaveSameTestCase -->
