<?xml version="1.0" encoding="UTF-8"?>
<!-- Generated by org.testng.reporters.JUnitReportReporter -->
<testsuite hostname="LAPTOP-6F96MQQ2" failures="0" tests="1" name="auto_Testng._1_TestAnnotations" time="5.179" errors="0" timestamp="2023-08-10T18:52:50 IST" skipped="0">
  <testcase classname="auto_Testng._1_TestAnnotations" name="BrowserOpen" time="5.179"/>
</testsuite> <!-- auto_Testng._1_TestAnnotations -->
