<?xml version="1.0" encoding="UTF-8"?>
<!-- Generated by org.testng.reporters.JUnitReportReporter -->
<testsuite hostname="LAPTOP-6F96MQQ2" failures="0" tests="2" name="auto_Testng._6_RunByGropingTestCases" time="0.016" errors="0" timestamp="2023-08-10T19:04:14 IST" skipped="0">
  <testcase classname="auto_Testng._6_RunByGropingTestCases" name="Regression_1" time="0.014"/>
  <testcase classname="auto_Testng._6_RunByGropingTestCases" name="Regression_2" time="0.002"/>
</testsuite> <!-- auto_Testng._6_RunByGropingTestCases -->
